<?xml version="1.0" encoding="UTF-8"?>
<testng-results ignored="0" total="0" passed="0" failed="0" skipped="0">
  <reporter-output>
  </reporter-output>
  <suite started-at="2022-06-15T13:48:45 CEST" name="TestDatePlaying" finished-at="2022-06-15T13:48:45 CEST" duration-ms="17">
    <groups>
    </groups>
    <test started-at="2022-06-15T13:48:45 CEST" name="Command line test" finished-at="2022-06-15T13:48:45 CEST" duration-ms="17">
    </test> <!-- Command line test -->
  </suite> <!-- TestDatePlaying -->
</testng-results>
